2022-09-23T04:37:25+00:00 CRITICAL Out of memory (allocated 20971520) (tried to allocate 20480 bytes) in C:\xampp\htdocs\multivendor\wp-content\plugins\code-snippets\php\admin-menus\class-manage-menu.php on line 179

2022-09-23T08:39:37+00:00 CRITICAL Uncaught Error: Call to undefined method WooCommerce::wc_print_notices() in C:\xampp\htdocs\multivendor\wp-content\themes\twentytwentyone-child\functions.php:278
Stack trace:
#0 C:\xampp\htdocs\multivendor\wp-includes\class-wp-hook.php(307): apply_coupon_cart_values('')
#1 C:\xampp\htdocs\multivendor\wp-includes\class-wp-hook.php(331): WP_Hook->apply_filters('', Array)
#2 C:\xampp\htdocs\multivendor\wp-includes\plugin.php(474): WP_Hook->do_action(Array)
#3 C:\xampp\htdocs\multivendor\wp-admin\admin-ajax.php(187): do_action('wp_ajax_apply_c...')
#4 {main}
  thrown in C:\xampp\htdocs\multivendor\wp-content\themes\twentytwentyone-child\functions.php on line 278

2022-09-23T08:39:40+00:00 CRITICAL Uncaught Error: Call to undefined method WooCommerce::wc_print_notices() in C:\xampp\htdocs\multivendor\wp-content\themes\twentytwentyone-child\functions.php:278
Stack trace:
#0 C:\xampp\htdocs\multivendor\wp-includes\class-wp-hook.php(307): apply_coupon_cart_values('')
#1 C:\xampp\htdocs\multivendor\wp-includes\class-wp-hook.php(331): WP_Hook->apply_filters('', Array)
#2 C:\xampp\htdocs\multivendor\wp-includes\plugin.php(474): WP_Hook->do_action(Array)
#3 C:\xampp\htdocs\multivendor\wp-admin\admin-ajax.php(187): do_action('wp_ajax_apply_c...')
#4 {main}
  thrown in C:\xampp\htdocs\multivendor\wp-content\themes\twentytwentyone-child\functions.php on line 278

2022-09-23T08:39:41+00:00 CRITICAL Uncaught Error: Call to undefined method WooCommerce::wc_print_notices() in C:\xampp\htdocs\multivendor\wp-content\themes\twentytwentyone-child\functions.php:278
Stack trace:
#0 C:\xampp\htdocs\multivendor\wp-includes\class-wp-hook.php(307): apply_coupon_cart_values('')
#1 C:\xampp\htdocs\multivendor\wp-includes\class-wp-hook.php(331): WP_Hook->apply_filters('', Array)
#2 C:\xampp\htdocs\multivendor\wp-includes\plugin.php(474): WP_Hook->do_action(Array)
#3 C:\xampp\htdocs\multivendor\wp-admin\admin-ajax.php(187): do_action('wp_ajax_apply_c...')
#4 {main}
  thrown in C:\xampp\htdocs\multivendor\wp-content\themes\twentytwentyone-child\functions.php on line 278

2022-09-23T08:39:56+00:00 CRITICAL Uncaught Error: Call to undefined method WooCommerce::wc_print_notices() in C:\xampp\htdocs\multivendor\wp-content\themes\twentytwentyone-child\functions.php:278
Stack trace:
#0 C:\xampp\htdocs\multivendor\wp-includes\class-wp-hook.php(307): apply_coupon_cart_values('')
#1 C:\xampp\htdocs\multivendor\wp-includes\class-wp-hook.php(331): WP_Hook->apply_filters('', Array)
#2 C:\xampp\htdocs\multivendor\wp-includes\plugin.php(474): WP_Hook->do_action(Array)
#3 C:\xampp\htdocs\multivendor\wp-admin\admin-ajax.php(187): do_action('wp_ajax_apply_c...')
#4 {main}
  thrown in C:\xampp\htdocs\multivendor\wp-content\themes\twentytwentyone-child\functions.php on line 278

2022-09-23T08:40:54+00:00 CRITICAL Uncaught Error: Call to undefined method WooCommerce::wc_print_notices() in C:\xampp\htdocs\multivendor\wp-content\themes\twentytwentyone-child\functions.php:275
Stack trace:
#0 C:\xampp\htdocs\multivendor\wp-includes\class-wp-hook.php(307): apply_coupon_cart_values('')
#1 C:\xampp\htdocs\multivendor\wp-includes\class-wp-hook.php(331): WP_Hook->apply_filters('', Array)
#2 C:\xampp\htdocs\multivendor\wp-includes\plugin.php(474): WP_Hook->do_action(Array)
#3 C:\xampp\htdocs\multivendor\wp-admin\admin-ajax.php(187): do_action('wp_ajax_apply_c...')
#4 {main}
  thrown in C:\xampp\htdocs\multivendor\wp-content\themes\twentytwentyone-child\functions.php on line 275

